Using pre-set license
Built from '2021.1/staging' branch; Version is '2021.1.0b5 (37f46e59aab7) revision 3667054'; Using compiler version '192528614'; Build Type 'Release'
OS: 'Windows 10 Pro; OS build 19045.3693; Version 2009; 64bit' Language: 'en' Physical Memory: 8109 MB
BatchMode: 1, IsHumanControllingUs: 0, StartBugReporterOnCrash: 0, Is64bit: 1, IsPro: 0

 COMMAND LINE ARGUMENTS:
C:\Program Files\Unity\Hub\Editor\2021.1.0b5\Editor\Unity.exe
-adb2
-batchMode
-noUpm
-name
AssetImportWorker2
-projectPath
C:/Users/Ryan_/Documents/University/Work/Fire-Escape/Fire Escape
-logFile
Logs/AssetImportWorker2.log
-srvPort
55295
Successfully changed project path to: C:/Users/Ryan_/Documents/University/Work/Fire-Escape/Fire Escape
C:/Users/Ryan_/Documents/University/Work/Fire-Escape/Fire Escape
Using Asset Import Pipeline V2.
Refreshing native plugins compatible for Editor in 157.16 ms, found 0 plugins.
Preloading 0 native plugins for Editor in 0.00 ms.
Initialize engine version: 2021.1.0b5 (37f46e59aab7)
[Subsystems] Discovering subsystems at path C:/Program Files/Unity/Hub/Editor/2021.1.0b5/Editor/Data/Resources/UnitySubsystems
[Subsystems] Discovering subsystems at path C:/Users/Ryan_/Documents/University/Work/Fire-Escape/Fire Escape/Assets
GfxDevice: creating device client; threaded=0; jobified=0
Direct3D:
    Version:  Direct3D 11.0 [level 11.0]
    Renderer: NVIDIA GeForce GPU (ID=0x134b)
    Vendor:   NVIDIA
    VRAM:     987 MB
    Driver:   27.21.14.5167
Initialize mono
Mono path[0] = 'C:/Program Files/Unity/Hub/Editor/2021.1.0b5/Editor/Data/Managed'
Mono path[1] = 'C:/Program Files/Unity/Hub/Editor/2021.1.0b5/Editor/Data/MonoBleedingEdge/lib/mono/unityjit'
Mono config path = 'C:/Program Files/Unity/Hub/Editor/2021.1.0b5/Editor/Data/MonoBleedingEdge/etc'
Using monoOptions --debugger-agent=transport=dt_socket,embedding=1,server=y,suspend=n,address=127.0.0.1:56764
Begin MonoManager ReloadAssembly
Registering precompiled unity dll's ...
Register platform support module: C:/Program Files/Unity/Hub/Editor/2021.1.0b5/Editor/Data/PlaybackEngines/WebGLSupport/UnityEditor.WebGL.Extensions.dll
Register platform support module: C:/Program Files/Unity/Hub/Editor/2021.1.0b5/Editor/Data/PlaybackEngines/WindowsStandaloneSupport/UnityEditor.WindowsStandalone.Extensions.dll
Registered in 0.007556 seconds.
Native extension for WindowsStandalone target not found
Native extension for WebGL target not found
Refreshing native plugins compatible for Editor in 110.89 ms, found 0 plugins.
Preloading 0 native plugins for Editor in 0.00 ms.
Mono: successfully reloaded assembly
- Completed reload, in  3.741 seconds
Platform modules already initialized, skipping
Registering precompiled user dll's ...
Registered in 0.016402 seconds.
Begin MonoManager ReloadAssembly
Native extension for WindowsStandalone target not found
Native extension for WebGL target not found
Refreshing native plugins compatible for Editor in 1.43 ms, found 0 plugins.
Preloading 0 native plugins for Editor in 0.00 ms.
UnityIAP: [InitializeOnLoad] Facebook Check
UnityIAP: Runtime [2021.1.0b5]
UnityIAP: Current Build is Standalone:StandaloneWindows64
UnityIAP: stub FacebookStore.dll disabled
Mono: successfully reloaded assembly
- Completed reload, in 15.043 seconds
Platform modules already initialized, skipping
========================================================================
Worker process is ready to serve import requests
Launched and connected shader compiler UnityShaderCompiler.exe after 0.34 seconds
Refreshing native plugins compatible for Editor in 1.04 ms, found 0 plugins.
Preloading 0 native plugins for Editor in 0.00 ms.
Unloading 1678 Unused Serialized files (Serialized files now loaded: 0)
System memory in use before: 206.4 MB.
System memory in use after: 206.5 MB.

Unloading 50 unused Assets to reduce memory usage. Loaded Objects now: 2105.
Total: 16.872000 ms (FindLiveObjects: 0.672300 ms CreateObjectMapping: 0.341700 ms MarkObjects: 15.678500 ms  DeleteObjects: 0.176800 ms)

========================================================================
Received Import Request.
  path: Assets/Resources/Materials/FieldOfView Material.mat
  artifactKey: Guid(979e3066a4764df4e8eccbd04a96676a) Importer(815301076,1909f56bfc062723c751e8b465ee728b)
Start importing Assets/Resources/Materials/FieldOfView Material.mat using Guid(979e3066a4764df4e8eccbd04a96676a) Importer(815301076,1909f56bfc062723c751e8b465ee728b)  -> (artifact id: '7468b3c36928bd20f2f5a2aa3a954832') in 1.593960 seconds 
========================================================================
Received Import Request.
  Time since last request: 0.056852 seconds.
  path: Assets/Resources/Materials/TriggerMaterial.mat
  artifactKey: Guid(2e71e49c1ceed2c428dab798eead28c5) Importer(815301076,1909f56bfc062723c751e8b465ee728b)
Start importing Assets/Resources/Materials/TriggerMaterial.mat using Guid(2e71e49c1ceed2c428dab798eead28c5) Importer(815301076,1909f56bfc062723c751e8b465ee728b)  -> (artifact id: 'fb15371524174691e416f745e663215d') in 0.050996 seconds 
========================================================================
Received Prepare
Registering precompiled user dll's ...
Registered in 0.028765 seconds.
Begin MonoManager ReloadAssembly
Native extension for WindowsStandalone target not found
Native extension for WebGL target not found
Refreshing native plugins compatible for Editor in 0.93 ms, found 0 plugins.
Preloading 0 native plugins for Editor in 0.00 ms.
UnityIAP: [InitializeOnLoad] Facebook Check
UnityIAP: Runtime [2021.1.0b5]
UnityIAP: Current Build is Standalone:StandaloneWindows64
UnityIAP: stub FacebookStore.dll disabled
Mono: successfully reloaded assembly
- Completed reload, in  5.839 seconds
Platform modules already initialized, skipping
Refreshing native plugins compatible for Editor in 1.44 ms, found 0 plugins.
Preloading 0 native plugins for Editor in 0.00 ms.
Unloading 1672 Unused Serialized files (Serialized files now loaded: 0)
System memory in use before: 210.2 MB.
System memory in use after: 210.4 MB.

Unloading 41 unused Assets to reduce memory usage. Loaded Objects now: 2147.
Total: 13.434900 ms (FindLiveObjects: 0.746900 ms CreateObjectMapping: 0.154500 ms MarkObjects: 12.481200 ms  DeleteObjects: 0.049900 ms)

========================================================================
Received Import Request.
  Time since last request: 144.165409 seconds.
  path: Assets/Resources/Scripts
  artifactKey: Guid(4dc329dc97bcbd847acb05dd278e0fe3) Importer(815301076,1909f56bfc062723c751e8b465ee728b)
Start importing Assets/Resources/Scripts using Guid(4dc329dc97bcbd847acb05dd278e0fe3) Importer(815301076,1909f56bfc062723c751e8b465ee728b)  -> (artifact id: 'bdb91bb77850619b57da69939b1d4f9f') in 0.049826 seconds 
========================================================================
Received Import Request.
  Time since last request: 13.832480 seconds.
  path: Assets/Resources/Scripts/ParticleTriggerTest.cs
  artifactKey: Guid(6f1ccb14a8ff4bf45992e482b0415e02) Importer(815301076,1909f56bfc062723c751e8b465ee728b)
Start importing Assets/Resources/Scripts/ParticleTriggerTest.cs using Guid(6f1ccb14a8ff4bf45992e482b0415e02) Importer(815301076,1909f56bfc062723c751e8b465ee728b)  -> (artifact id: '3d2c6138f91d39f326fde0beddbaca05') in 0.066927 seconds 
========================================================================
Received Prepare
Registering precompiled user dll's ...
Registered in 0.094868 seconds.
Begin MonoManager ReloadAssembly
Native extension for WindowsStandalone target not found
Native extension for WebGL target not found
Refreshing native plugins compatible for Editor in 1.66 ms, found 0 plugins.
Preloading 0 native plugins for Editor in 0.00 ms.
UnityIAP: [InitializeOnLoad] Facebook Check
UnityIAP: Runtime [2021.1.0b5]
UnityIAP: Current Build is Standalone:StandaloneWindows64
UnityIAP: stub FacebookStore.dll disabled
Mono: successfully reloaded assembly
- Completed reload, in  5.873 seconds
Platform modules already initialized, skipping
Refreshing native plugins compatible for Editor in 1.44 ms, found 0 plugins.
Preloading 0 native plugins for Editor in 0.00 ms.
Unloading 1673 Unused Serialized files (Serialized files now loaded: 0)
System memory in use before: 210.3 MB.
System memory in use after: 210.4 MB.

Unloading 41 unused Assets to reduce memory usage. Loaded Objects now: 2150.
Total: 15.734200 ms (FindLiveObjects: 0.509400 ms CreateObjectMapping: 0.343400 ms MarkObjects: 14.795200 ms  DeleteObjects: 0.082900 ms)

========================================================================
Received Import Request.
  Time since last request: 167.347399 seconds.
  path: Assets/Resources/Scripts/ParticleTriggerTest.cs
  artifactKey: Guid(6f1ccb14a8ff4bf45992e482b0415e02) Importer(815301076,1909f56bfc062723c751e8b465ee728b)
Start importing Assets/Resources/Scripts/ParticleTriggerTest.cs using Guid(6f1ccb14a8ff4bf45992e482b0415e02) Importer(815301076,1909f56bfc062723c751e8b465ee728b)  -> (artifact id: '6720255bce59eb236749ec6cf9a42c9d') in 0.048276 seconds 
========================================================================
Received Prepare
Registering precompiled user dll's ...
Registered in 0.082426 seconds.
Begin MonoManager ReloadAssembly
Native extension for WindowsStandalone target not found
Native extension for WebGL target not found
Refreshing native plugins compatible for Editor in 1.84 ms, found 0 plugins.
Preloading 0 native plugins for Editor in 0.00 ms.
UnityIAP: [InitializeOnLoad] Facebook Check
UnityIAP: Runtime [2021.1.0b5]
UnityIAP: Current Build is Standalone:StandaloneWindows64
UnityIAP: stub FacebookStore.dll disabled
Mono: successfully reloaded assembly
- Completed reload, in  4.549 seconds
Platform modules already initialized, skipping
Refreshing native plugins compatible for Editor in 1.09 ms, found 0 plugins.
Preloading 0 native plugins for Editor in 0.00 ms.
Unloading 1673 Unused Serialized files (Serialized files now loaded: 0)
System memory in use before: 210.3 MB.
System memory in use after: 210.4 MB.

Unloading 41 unused Assets to reduce memory usage. Loaded Objects now: 2152.
Total: 14.152300 ms (FindLiveObjects: 0.411000 ms CreateObjectMapping: 0.469200 ms MarkObjects: 13.182200 ms  DeleteObjects: 0.086800 ms)

========================================================================
Received Prepare
Registering precompiled user dll's ...
Registered in 0.015574 seconds.
Begin MonoManager ReloadAssembly
Native extension for WindowsStandalone target not found
Native extension for WebGL target not found
Refreshing native plugins compatible for Editor in 3.48 ms, found 0 plugins.
Preloading 0 native plugins for Editor in 0.00 ms.
UnityIAP: [InitializeOnLoad] Facebook Check
UnityIAP: Runtime [2021.1.0b5]
UnityIAP: Current Build is Standalone:StandaloneWindows64
UnityIAP: stub FacebookStore.dll disabled
Mono: successfully reloaded assembly
- Completed reload, in  3.580 seconds
Platform modules already initialized, skipping
Refreshing native plugins compatible for Editor in 0.92 ms, found 0 plugins.
Preloading 0 native plugins for Editor in 0.00 ms.
Unloading 1673 Unused Serialized files (Serialized files now loaded: 0)
System memory in use before: 210.3 MB.
System memory in use after: 210.4 MB.

Unloading 41 unused Assets to reduce memory usage. Loaded Objects now: 2154.
Total: 10.369500 ms (FindLiveObjects: 0.346600 ms CreateObjectMapping: 0.204200 ms MarkObjects: 9.765700 ms  DeleteObjects: 0.049900 ms)

========================================================================
Received Prepare
Registering precompiled user dll's ...
Registered in 0.018593 seconds.
Begin MonoManager ReloadAssembly
Native extension for WindowsStandalone target not found
Native extension for WebGL target not found
Refreshing native plugins compatible for Editor in 0.79 ms, found 0 plugins.
Preloading 0 native plugins for Editor in 0.00 ms.
UnityIAP: [InitializeOnLoad] Facebook Check
UnityIAP: Runtime [2021.1.0b5]
UnityIAP: Current Build is Standalone:StandaloneWindows64
UnityIAP: stub FacebookStore.dll disabled
Mono: successfully reloaded assembly
- Completed reload, in  1.933 seconds
Platform modules already initialized, skipping
Refreshing native plugins compatible for Editor in 0.87 ms, found 0 plugins.
Preloading 0 native plugins for Editor in 0.00 ms.
Unloading 1673 Unused Serialized files (Serialized files now loaded: 0)
System memory in use before: 210.3 MB.
System memory in use after: 210.5 MB.

Unloading 41 unused Assets to reduce memory usage. Loaded Objects now: 2156.
Total: 8.891300 ms (FindLiveObjects: 0.238400 ms CreateObjectMapping: 0.110300 ms MarkObjects: 8.468900 ms  DeleteObjects: 0.058200 ms)

========================================================================
Received Prepare
Registering precompiled user dll's ...
Registered in 0.011873 seconds.
Begin MonoManager ReloadAssembly
Native extension for WindowsStandalone target not found
Native extension for WebGL target not found
Refreshing native plugins compatible for Editor in 1.04 ms, found 0 plugins.
Preloading 0 native plugins for Editor in 0.00 ms.
UnityIAP: [InitializeOnLoad] Facebook Check
UnityIAP: Runtime [2021.1.0b5]
UnityIAP: Current Build is Standalone:StandaloneWindows64
UnityIAP: stub FacebookStore.dll disabled
Mono: successfully reloaded assembly
- Completed reload, in  6.600 seconds
Platform modules already initialized, skipping
Refreshing native plugins compatible for Editor in 1.57 ms, found 0 plugins.
Preloading 0 native plugins for Editor in 0.00 ms.
Unloading 1673 Unused Serialized files (Serialized files now loaded: 0)
System memory in use before: 210.4 MB.
System memory in use after: 210.5 MB.

Unloading 41 unused Assets to reduce memory usage. Loaded Objects now: 2158.
Total: 20.347400 ms (FindLiveObjects: 0.835600 ms CreateObjectMapping: 0.339100 ms MarkObjects: 19.094700 ms  DeleteObjects: 0.074900 ms)

========================================================================
Received Prepare
Registering precompiled user dll's ...
Registered in 0.740382 seconds.
Begin MonoManager ReloadAssembly
Native extension for WindowsStandalone target not found
Native extension for WebGL target not found
Refreshing native plugins compatible for Editor in 0.98 ms, found 0 plugins.
Preloading 0 native plugins for Editor in 0.00 ms.
UnityIAP: [InitializeOnLoad] Facebook Check
UnityIAP: Runtime [2021.1.0b5]
UnityIAP: Current Build is Standalone:StandaloneWindows64
UnityIAP: stub FacebookStore.dll disabled
Mono: successfully reloaded assembly
- Completed reload, in  3.317 seconds
Platform modules already initialized, skipping
Refreshing native plugins compatible for Editor in 2.17 ms, found 0 plugins.
Preloading 0 native plugins for Editor in 0.00 ms.
Unloading 1673 Unused Serialized files (Serialized files now loaded: 0)
System memory in use before: 210.4 MB.
System memory in use after: 210.5 MB.

Unloading 41 unused Assets to reduce memory usage. Loaded Objects now: 2160.
Total: 10.238100 ms (FindLiveObjects: 0.546600 ms CreateObjectMapping: 0.165300 ms MarkObjects: 9.071800 ms  DeleteObjects: 0.452200 ms)

AssetImportWorkerClient::OnTransportError - code=2 error=End of file
